SF:lib\common\exception.dart
DA:6,2
LF:1
LH:1
end_of_record
SF:lib\data\datasources\movie_local_data_source.dart
DA:15,1
DA:18,1
DA:20,3
DA:23,2
DA:28,1
DA:30,3
DA:33,2
DA:38,1
DA:39,3
DA:41,1
DA:48,1
DA:49,3
DA:50,4
LF:13
LH:13
end_of_record
SF:lib\data\models\movie_table.dart
DA:11,2
DA:18,2
DA:19,1
DA:20,1
DA:21,1
DA:22,1
DA:25,2
DA:26,1
DA:27,1
DA:28,1
DA:29,1
DA:32,0
DA:33,0
DA:34,0
DA:35,0
DA:36,0
DA:39,2
DA:40,1
DA:41,1
DA:42,1
DA:43,1
DA:46,2
DA:48,10
LF:23
LH:18
end_of_record
SF:lib\domain\entities\genre.dart
DA:4,7
DA:12,3
DA:13,9
LF:3
LH:3
end_of_record
SF:lib\domain\entities\movie.dart
DA:4,8
DA:20,2
DA:41,7
DA:42,7
DA:43,7
DA:44,7
DA:45,7
DA:46,7
DA:47,7
DA:48,7
DA:49,7
DA:50,7
DA:51,7
DA:52,7
DA:53,7
DA:54,7
DA:55,7
LF:17
LH:17
end_of_record
SF:lib\domain\entities\movie_detail.dart
DA:5,7
DA:33,3
DA:34,3
DA:35,3
DA:36,3
DA:37,3
DA:38,3
DA:39,3
DA:40,3
DA:41,3
DA:42,3
DA:43,3
DA:44,3
DA:45,3
LF:14
LH:14
end_of_record
SF:lib\common\failure.dart
DA:6,8
DA:8,1
DA:9,2
DA:13,14
DA:17,2
DA:21,4
LF:6
LH:6
end_of_record
SF:lib\data\datasources\db\database_helper.dart
DA:8,0
DA:12,0
DA:16,0
DA:18,0
DA:25,0
DA:26,0
DA:27,0
DA:29,0
DA:33,0
DA:34,0
DA:41,0
DA:44,0
DA:45,0
DA:46,0
DA:49,0
DA:50,0
DA:51,0
DA:54,0
DA:58,0
DA:59,0
DA:60,0
DA:63,0
DA:66,0
DA:67,0
DA:73,0
DA:74,0
DA:75,0
LF:27
LH:0
end_of_record
SF:lib\data\datasources\movie_remote_data_source.dart
DA:24,1
DA:27,1
DA:29,5
DA:31,2
DA:32,4
DA:34,1
DA:39,1
DA:41,5
DA:43,2
DA:44,3
DA:46,1
DA:51,1
DA:52,2
DA:53,3
DA:55,2
DA:56,4
DA:58,1
DA:63,1
DA:65,5
DA:67,2
DA:68,4
DA:70,1
DA:75,1
DA:77,5
DA:79,2
DA:80,4
DA:82,1
DA:87,1
DA:88,2
DA:89,3
DA:91,2
DA:92,4
DA:94,1
LF:33
LH:33
end_of_record
SF:lib\data\models\movie_detail_model.dart
DA:6,2
DA:52,1
DA:53,1
DA:54,1
DA:55,1
DA:56,1
DA:57,1
DA:58,4
DA:59,1
DA:60,1
DA:61,1
DA:62,1
DA:63,1
DA:64,1
DA:65,2
DA:66,1
DA:67,1
DA:68,1
DA:69,1
DA:70,1
DA:71,1
DA:72,1
DA:73,1
DA:74,2
DA:75,1
DA:78,0
DA:79,0
DA:80,0
DA:81,0
DA:82,0
DA:83,0
DA:84,0
DA:85,0
DA:86,0
DA:87,0
DA:88,0
DA:89,0
DA:90,0
DA:91,0
DA:92,0
DA:93,0
DA:94,0
DA:95,0
DA:96,0
DA:97,0
DA:98,0
DA:99,0
DA:102,1
DA:103,1
DA:104,1
DA:105,1
DA:106,5
DA:107,1
DA:108,1
DA:109,1
DA:110,1
DA:111,1
DA:112,1
DA:113,1
DA:114,1
DA:115,1
DA:119,1
DA:121,1
DA:122,1
DA:123,1
DA:124,1
DA:125,1
DA:126,1
DA:127,1
DA:128,1
DA:129,1
DA:130,1
DA:131,1
DA:132,1
DA:133,1
DA:134,1
DA:135,1
DA:136,1
DA:137,1
DA:138,1
DA:139,1
DA:140,1
DA:141,1
DA:142,1
LF:84
LH:62
end_of_record
SF:lib\data\models\movie_model.dart
DA:5,4
DA:35,4
DA:36,2
DA:37,2
DA:38,8
DA:39,2
DA:40,2
DA:41,2
DA:42,4
DA:43,2
DA:44,2
DA:45,2
DA:46,2
DA:47,4
DA:48,2
DA:51,2
DA:52,1
DA:53,1
DA:54,4
DA:55,1
DA:56,1
DA:57,1
DA:58,1
DA:59,1
DA:60,1
DA:61,1
DA:62,1
DA:63,1
DA:64,1
DA:67,2
DA:68,2
DA:69,2
DA:70,2
DA:71,2
DA:72,2
DA:73,2
DA:74,2
DA:75,2
DA:76,2
DA:77,2
DA:78,2
DA:79,2
DA:80,2
DA:81,2
DA:85,2
DA:86,2
DA:87,2
DA:88,2
DA:89,2
DA:90,2
DA:91,2
DA:92,2
DA:93,2
DA:94,2
DA:95,2
DA:96,2
DA:97,2
DA:98,2
DA:99,2
LF:59
LH:59
end_of_record
SF:lib\data\models\movie_response.dart
DA:7,2
DA:9,4
DA:10,4
DA:11,6
DA:12,6
DA:15,2
DA:16,5
DA:19,1
DA:20,2
LF:9
LH:9
end_of_record
SF:lib\data\models\genre_model.dart
DA:5,2
DA:13,2
DA:14,1
DA:15,1
DA:18,0
DA:19,0
DA:20,0
DA:23,1
DA:24,3
DA:27,1
DA:28,3
LF:11
LH:8
end_of_record
SF:lib\data\repositories\movie_repository_impl.dart
DA:17,1
DA:23,1
DA:25,3
DA:26,5
DA:27,1
DA:28,2
DA:29,1
DA:30,2
DA:35,1
DA:37,3
DA:38,2
DA:39,1
DA:40,2
DA:41,1
DA:42,2
DA:47,1
DA:49,3
DA:50,3
DA:51,1
DA:52,2
DA:53,1
DA:54,2
DA:59,1
DA:61,3
DA:62,5
DA:63,1
DA:64,2
DA:65,1
DA:66,2
DA:71,1
DA:73,3
DA:74,5
DA:75,1
DA:76,2
DA:77,1
DA:78,2
DA:83,1
DA:85,3
DA:86,5
DA:87,1
DA:88,2
DA:89,1
DA:90,2
DA:95,1
DA:98,4
DA:99,1
DA:100,1
DA:101,3
DA:108,1
DA:111,4
DA:112,1
DA:113,1
DA:114,3
DA:119,1
DA:120,3
DA:125,1
DA:126,3
DA:127,5
LF:58
LH:58
end_of_record
SF:lib\domain\usecases\get_movie_detail.dart
DA:9,1
DA:11,1
DA:12,2
LF:3
LH:3
end_of_record
SF:lib\domain\usecases\get_movie_recommendations.dart
DA:9,1
DA:11,1
DA:12,2
LF:3
LH:3
end_of_record
SF:lib\domain\usecases\get_now_playing_movies.dart
DA:9,1
DA:11,1
DA:12,2
LF:3
LH:3
end_of_record
SF:lib\domain\usecases\get_popular_movies.dart
DA:9,1
DA:11,1
DA:12,2
LF:3
LH:3
end_of_record
SF:lib\domain\usecases\get_top_rated_movies.dart
DA:9,1
DA:11,1
DA:12,2
LF:3
LH:3
end_of_record
SF:lib\domain\usecases\get_watchlist_movies.dart
DA:9,1
DA:11,1
DA:12,2
LF:3
LH:3
end_of_record
SF:lib\domain\usecases\get_watchlist_status.dart
DA:6,1
DA:8,1
DA:9,2
LF:3
LH:3
end_of_record
SF:lib\domain\usecases\remove_watchlist.dart
DA:9,1
DA:11,1
DA:12,2
LF:3
LH:3
end_of_record
SF:lib\domain\usecases\save_watchlist.dart
DA:9,1
DA:11,1
DA:12,2
LF:3
LH:3
end_of_record
SF:lib\domain\usecases\search_movies.dart
DA:9,1
DA:11,1
DA:12,2
LF:3
LH:3
end_of_record
SF:lib\presentation\bloc\movie_detail\movie_detail_state.dart
DA:4,2
DA:6,1
DA:7,1
DA:13,2
DA:15,2
DA:21,1
DA:23,1
DA:25,2
DA:31,2
DA:33,2
DA:35,4
LF:11
LH:11
end_of_record
SF:lib\presentation\bloc\movie_detail\movie_detail_event.dart
DA:4,2
DA:6,0
DA:7,0
DA:12,2
DA:14,1
DA:16,2
LF:6
LH:4
end_of_record
SF:lib\presentation\bloc\movie_detail\movie_detail_bloc.dart
DA:14,3
DA:15,2
DA:18,1
DA:20,1
DA:21,2
DA:22,3
DA:24,2
DA:25,3
DA:26,1
DA:27,2
LF:10
LH:10
end_of_record
SF:lib\presentation\bloc\movie_now_playing\movie_now_playing_event.dart
DA:4,1
DA:6,0
DA:7,0
DA:11,1
DA:13,1
LF:5
LH:3
end_of_record
SF:lib\presentation\bloc\movie_now_playing\movie_now_playing_state.dart
DA:4,1
DA:6,1
DA:7,1
DA:17,1
DA:19,1
DA:21,2
DA:27,1
DA:29,1
DA:31,2
LF:9
LH:9
end_of_record
SF:lib\presentation\bloc\movie_now_playing\movie_now_playing_bloc.dart
DA:15,1
DA:16,2
DA:17,2
DA:20,1
DA:22,2
DA:24,3
DA:26,2
DA:27,3
DA:28,1
DA:29,1
DA:30,2
DA:31,2
LF:12
LH:12
end_of_record
SF:lib\presentation\bloc\movie_popular\movie_popular_state.dart
DA:4,2
DA:6,1
DA:7,1
DA:17,2
DA:19,1
DA:20,2
DA:25,1
DA:27,0
DA:28,0
LF:9
LH:7
end_of_record
SF:lib\presentation\bloc\movie_popular\movie_popular_event.dart
DA:4,2
DA:6,0
DA:7,0
DA:11,0
DA:13,0
LF:5
LH:1
end_of_record
SF:lib\presentation\bloc\movie_popular\movie_popular_bloc.dart
DA:13,3
DA:14,2
DA:17,1
DA:19,2
DA:20,3
DA:22,2
DA:23,3
DA:24,1
DA:25,1
DA:26,2
DA:27,0
LF:11
LH:10
end_of_record
SF:lib\presentation\bloc\movie_recommendation\movie_recommendation_state.dart
DA:4,2
DA:6,1
DA:7,1
DA:17,1
DA:19,1
DA:21,2
DA:26,2
DA:28,1
DA:30,2
LF:9
LH:9
end_of_record
SF:lib\presentation\bloc\movie_recommendation\movie_recommendation_event.dart
DA:4,2
DA:6,0
DA:7,0
DA:13,2
DA:15,1
DA:16,2
LF:6
LH:4
end_of_record
SF:lib\presentation\bloc\movie_recommendation\movie_recommendation_bloc.dart
DA:16,3
DA:17,2
DA:20,1
DA:21,1
DA:22,2
DA:24,3
DA:25,2
DA:26,3
DA:27,1
DA:28,1
DA:29,2
DA:30,2
LF:12
LH:12
end_of_record
SF:lib\presentation\bloc\movie_top_rated\movie_top_rated_state.dart
DA:4,2
DA:6,1
DA:7,1
DA:17,2
DA:18,1
DA:20,2
DA:26,2
DA:27,1
DA:29,2
LF:9
LH:9
end_of_record
SF:lib\presentation\bloc\movie_top_rated\movie_top_rated_bloc.dart
DA:14,3
DA:15,2
DA:18,1
DA:20,2
DA:22,3
DA:25,2
DA:26,3
DA:27,1
DA:28,1
DA:29,2
DA:30,2
LF:11
LH:11
end_of_record
SF:lib\presentation\bloc\movie_top_rated\movie_top_rated_event.dart
DA:4,2
DA:6,0
DA:7,0
DA:12,1
DA:13,1
LF:5
LH:3
end_of_record
SF:lib\presentation\bloc\movie_watchlist\movie_watchlist_state.dart
DA:4,3
DA:6,1
DA:7,1
DA:19,2
DA:21,1
DA:23,2
DA:29,2
DA:31,1
DA:32,2
DA:38,2
DA:40,1
DA:42,2
DA:48,1
DA:49,1
DA:51,2
LF:15
LH:15
end_of_record
SF:lib\presentation\bloc\movie_watchlist\movie_watchlist_event.dart
DA:4,3
DA:6,0
DA:7,0
DA:11,1
DA:12,1
DA:18,2
DA:20,1
DA:21,2
DA:27,1
DA:29,1
DA:31,2
DA:37,1
DA:39,1
DA:41,2
LF:14
LH:12
end_of_record
SF:lib\presentation\bloc\movie_watchlist\movie_watchlist_bloc.dart
DA:22,1
DA:24,2
DA:25,2
DA:26,2
DA:27,2
DA:28,2
DA:31,1
DA:33,2
DA:34,3
DA:36,1
DA:37,0
DA:38,1
DA:39,1
DA:40,2
DA:41,2
DA:45,1
DA:47,1
DA:48,3
DA:50,2
DA:53,1
DA:55,1
DA:57,3
DA:58,2
DA:59,3
DA:60,1
DA:61,2
DA:65,1
DA:67,1
DA:68,3
DA:69,2
DA:70,3
DA:71,1
DA:72,2
LF:33
LH:32
end_of_record
SF:lib\presentation\bloc\movie_search\movie_search_state.dart
DA:4,1
DA:6,1
DA:7,1
DA:17,1
DA:19,1
DA:21,2
DA:26,1
DA:28,1
DA:29,2
LF:9
LH:9
end_of_record
SF:lib\presentation\bloc\movie_search\movie_search_bloc.dart
DA:11,3
DA:12,2
DA:13,1
DA:15,2
DA:16,3
DA:18,2
DA:19,3
DA:20,1
DA:21,2
DA:24,1
DA:26,1
DA:27,3
LF:12
LH:12
end_of_record
SF:lib\presentation\bloc\movie_search\movie_search_event.dart
DA:4,1
DA:6,0
DA:7,0
DA:12,1
DA:14,0
DA:15,0
LF:6
LH:2
end_of_record
SF:lib\presentation\pages\movie_detail_page.dart
DA:20,1
DA:22,1
DA:23,1
DA:27,1
DA:29,1
DA:30,2
DA:31,6
DA:32,1
DA:33,1
DA:34,4
DA:35,6
DA:39,1
DA:42,2
DA:43,2
DA:44,2
DA:49,1
DA:50,1
DA:51,1
DA:52,1
DA:53,1
DA:54,1
DA:58,1
DA:59,1
DA:60,1
DA:65,0
DA:66,0
DA:68,0
DA:81,2
DA:83,1
DA:84,1
DA:89,1
DA:91,3
DA:92,1
DA:93,1
DA:94,1
DA:95,4
DA:97,2
DA:98,1
DA:100,0
DA:102,1
DA:104,1
DA:105,1
DA:106,1
DA:107,1
DA:109,2
DA:116,1
DA:117,1
DA:118,1
DA:120,1
DA:122,1
DA:124,1
DA:125,1
DA:126,3
DA:127,1
DA:129,1
DA:130,0
DA:131,0
DA:133,0
DA:134,0
DA:137,0
DA:138,0
DA:141,0
DA:142,0
DA:146,0
DA:147,0
DA:151,0
DA:155,0
DA:156,0
DA:157,0
DA:158,0
DA:160,0
DA:162,0
DA:163,0
DA:164,0
DA:168,0
DA:169,0
DA:170,0
DA:173,1
DA:175,1
DA:176,2
DA:177,1
DA:178,0
DA:179,1
DA:183,1
DA:184,4
DA:186,1
DA:187,4
DA:189,1
DA:190,1
DA:191,1
DA:192,4
DA:194,2
DA:200,5
DA:203,1
DA:204,1
DA:206,1
DA:208,1
DA:209,3
DA:211,1
DA:212,1
DA:214,1
DA:216,1
DA:218,1
DA:219,1
DA:220,0
DA:221,0
DA:223,1
DA:224,0
DA:226,1
DA:227,1
DA:229,1
DA:231,1
DA:232,2
DA:233,1
DA:235,1
DA:236,0
DA:237,0
DA:240,0
DA:243,1
DA:244,1
DA:245,1
DA:247,1
DA:249,2
DA:250,1
DA:251,1
DA:253,1
DA:256,0
DA:257,0
DA:263,2
DA:267,0
DA:275,1
DA:277,1
DA:278,1
DA:292,1
DA:294,1
DA:297,1
DA:298,1
DA:299,0
DA:300,0
DA:301,0
DA:310,1
DA:312,2
DA:313,3
DA:316,1
DA:320,3
DA:323,1
DA:324,1
DA:325,1
DA:327,1
DA:328,1
DA:330,0
LF:151
LH:111
end_of_record
SF:lib\common\constants.dart
DA:15,2
DA:16,1
DA:17,3
DA:19,0
DA:21,0
DA:25,0
DA:26,0
DA:27,0
DA:28,0
DA:29,0
LF:10
LH:3
end_of_record
SF:lib\common\state_enum.dart
DA:1,4
LF:1
LH:1
end_of_record
SF:lib\presentation\pages\popular_movies_page.dart
DA:11,1
DA:12,1
DA:16,1
DA:18,1
DA:19,2
DA:20,2
DA:21,2
DA:24,1
DA:26,1
DA:27,1
DA:28,1
DA:30,1
DA:32,1
DA:33,1
DA:34,1
DA:35,1
DA:36,1
DA:38,1
DA:39,1
DA:40,0
DA:41,0
DA:42,0
DA:44,2
DA:46,1
DA:47,1
DA:48,1
DA:49,2
DA:52,0
DA:53,0
LF:29
LH:24
end_of_record
SF:lib\presentation\widgets\movie_card_list.dart
DA:11,0
DA:13,0
DA:15,0
DA:17,0
DA:18,0
DA:19,0
DA:22,0
DA:25,0
DA:27,0
DA:28,0
DA:29,0
DA:35,0
DA:37,0
DA:38,0
DA:39,0
DA:42,0
DA:44,0
DA:45,0
DA:46,0
DA:54,0
DA:59,0
DA:60,0
DA:61,0
DA:63,0
DA:64,0
DA:66,0
DA:68,0
LF:27
LH:0
end_of_record
SF:lib\presentation\pages\top_rated_movies_page.dart
DA:11,1
DA:12,1
DA:16,1
DA:18,1
DA:19,2
DA:20,2
DA:21,2
DA:24,1
DA:26,1
DA:27,1
DA:28,1
DA:30,1
DA:32,1
DA:33,1
DA:34,1
DA:35,1
DA:36,1
DA:38,1
DA:39,1
DA:40,0
DA:41,0
DA:42,0
DA:44,2
DA:46,1
DA:47,1
DA:48,1
DA:49,2
DA:52,0
DA:53,0
LF:29
LH:24
end_of_record
SF:lib\presentation\pages\watchlist_movies_page.dart
DA:10,2
DA:12,1
DA:13,1
DA:17,1
DA:19,1
DA:20,1
DA:21,5
DA:24,1
DA:26,1
DA:27,4
DA:30,0
DA:32,0
DA:33,0
DA:36,1
DA:38,2
DA:39,1
DA:42,1
DA:44,1
DA:45,1
DA:46,1
DA:49,1
DA:50,1
DA:52,1
DA:53,1
DA:54,1
DA:55,1
DA:59,1
DA:60,1
DA:61,1
DA:62,1
DA:63,1
DA:64,0
DA:65,0
DA:66,0
DA:69,1
DA:70,0
LF:36
LH:29
end_of_record
SF:lib\common\utils.dart
DA:3,3
LF:1
LH:1
end_of_record
